{"request_id":"54317917-5eeb-4155-a90b-848b32246467","scenario":"T1","decision":"BLOCK","reasons":["CONFIG_HASH_MISMATCH"],"timestamp":"2026-01-18T00:30:07.043637+00:00"}
{"request_id":"0a7648df-3847-4914-bf42-ea68e6bdece5","scenario":"T1","decision":"ALLOW","reasons":[],"timestamp":"2026-01-18T00:30:41.460566+00:00"}
{"request_id":"00880744-947b-4c2e-8f0a-7199c176d439","scenario":"T2","decision":"BLOCK","reasons":["SNAPSHOT_HASH_MISMATCH"],"timestamp":"2026-01-18T00:31:34.589280+00:00"}
{"request_id":"149a9af9-e14c-4131-aa53-d58e6dd70990","scenario":"T2","decision":"ALLOW","reasons":[],"timestamp":"2026-01-18T00:31:52.279278+00:00"}
{"request_id":"138b0ac4-a246-4193-9092-d55b3feb107a","scenario":"T2","decision":"BLOCK","reasons":["ARTIFACT_FETCH_FAILED"],"timestamp":"2026-01-18T03:24:31.449155+00:00"}
{"request_id":"617b4ee6-a4d1-4b4f-bd41-bcc4cfaa58c9","scenario":"T2","decision":"ALLOW","reasons":[],"timestamp":"2026-01-18T03:25:07.916542+00:00"}
{"request_id":"8176e327-baf2-49c9-b960-178475c0b017","scenario":"T2","decision":"BLOCK","reasons":["SNAPSHOT_HASH_MISMATCH"],"timestamp":"2026-01-18T03:25:07.932172+00:00"}
{"request_id":"3e3f60a8-78af-471c-97d3-d29d27b46e67","scenario":"T2","decision":"BLOCK","reasons":["INVALID_MANIFEST"],"timestamp":"2026-01-18T03:25:07.938156+00:00"}
{"request_id":"1ba79de3-d57f-47b8-b6ce-6e8ad589d08d","scenario":"T2","decision":"BLOCK","reasons":["ARTIFACT_FETCH_FAILED"],"timestamp":"2026-01-18T03:25:07.945392+00:00"}
{"request_id":"b245d559-0d7c-4ffd-8821-531a91540223","scenario":"T2","decision":"ALLOW","reasons":[],"timestamp":"2026-01-18T03:26:47.142121+00:00"}
{"request_id":"c18004d7-aea8-447e-8973-e9668440af71","scenario":"T2","decision":"BLOCK","reasons":["SNAPSHOT_HASH_MISMATCH"],"timestamp":"2026-01-18T03:26:47.160300+00:00"}
{"request_id":"15d24cc1-df22-47cd-85c5-39d1ccce1c37","scenario":"T2","decision":"BLOCK","reasons":["INVALID_MANIFEST"],"timestamp":"2026-01-18T03:26:47.166593+00:00"}
{"request_id":"af26abfc-72a6-4eea-b114-7687f574dc7d","scenario":"T2","decision":"BLOCK","reasons":["ARTIFACT_FETCH_FAILED"],"timestamp":"2026-01-18T03:26:47.175611+00:00"}
{"request_id":"2fe3c582-862d-476f-98c5-e1ce2f95abf3","scenario":"T2","decision":"BLOCK","reasons":["ARTIFACT_FETCH_FAILED"],"timestamp":"2026-01-18T03:30:35.977837+00:00"}
{"request_id":"6f4e8fdb-c400-4393-8a7f-9f02dd8f7fe6","scenario":"T2","decision":"ALLOW","reasons":[],"timestamp":"2026-01-18T03:31:33.935246+00:00"}
{"request_id":"e4767616-498e-48d6-bc7a-c9a4a01fb819","scenario":"T2","decision":"BLOCK","reasons":["INVALID_MANIFEST"],"timestamp":"2026-01-18T03:33:09.752384+00:00"}
{"request_id":"4688cac3-c85f-4f51-8d79-7256bf16abc0","scenario":"T2","decision":"BLOCK","reasons":["SCHEMA_INVALID"],"timestamp":"2026-01-18T03:34:01.005381+00:00"}
{"request_id":"13a9297f-cfd2-4514-8444-bffc4b9304f0","scenario":"T2","decision":"BLOCK","reasons":["SCHEMA_INVALID"],"timestamp":"2026-01-18T03:35:10.654219+00:00"}
{"request_id":"f83040aa-311a-4e57-964b-45b0c8851005","scenario":"T2","decision":"BLOCK","reasons":["SNAPSHOT_HASH_MISMATCH"],"timestamp":"2026-01-18T03:36:52.830068+00:00"}
{"request_id":"b247cf31-6ada-488a-b9fb-c27ca8f97f83","scenario":"T2","decision":"ALLOW","reasons":[],"timestamp":"2026-01-18T03:37:05.192737+00:00"}
{"request_id":"fead00f7-cd04-4dfe-9cea-da50c1118c42","scenario":"T2","decision":"BLOCK","reasons":["SNAPSHOT_HASH_MISMATCH"],"timestamp":"2026-01-18T03:37:18.637817+00:00"}
{"request_id":"34e2b4c6-36b4-4127-9e9d-12386163329c","scenario":"T2","decision":"BLOCK","reasons":["INVALID_MANIFEST"],"timestamp":"2026-01-18T03:37:31.310684+00:00"}
{"request_id":"4d4e40e0-63e8-4f33-a713-41fad7c2f617","scenario":"T2","decision":"BLOCK","reasons":["INVALID_MANIFEST"],"timestamp":"2026-01-18T03:37:43.942604+00:00"}
{"request_id":"6baf1ede-62fe-42d8-a77e-15e7ac8e5ef5","scenario":"T2","decision":"BLOCK","reasons":["INVALID_MANIFEST"],"timestamp":"2026-01-18T03:37:55.452624+00:00"}
{"request_id":"eea673fa-5a20-496a-8988-66ecd5ce3e19","scenario":"T2","decision":"BLOCK","reasons":["INVALID_MANIFEST"],"timestamp":"2026-01-18T03:38:56.052820+00:00"}
{"request_id":"3b19fcdb-cfde-48c6-a0ff-6add79b13111","scenario":"T2","decision":"BLOCK","reasons":["INVALID_MANIFEST"],"timestamp":"2026-01-18T03:39:13.776419+00:00"}
{"request_id":"cd7f5269-bfad-45f0-961b-24a9523d81e9","scenario":"T2","decision":"BLOCK","reasons":["SNAPSHOT_HASH_MISMATCH"],"timestamp":"2026-01-18T03:42:19.879693+00:00"}
{"request_id":"74d7c190-a1e8-4728-94e0-58a9b00356c1","scenario":"T2","decision":"BLOCK","reasons":["INVALID_MANIFEST"],"timestamp":"2026-01-18T03:43:32.981494+00:00"}
{"request_id":"82fb65e7-6af1-4b2d-ba96-41a5ff151480","scenario":"T2","decision":"BLOCK","reasons":["INVALID_MANIFEST"],"timestamp":"2026-01-18T03:47:09.736888+00:00"}
{"request_id":"ce1d7c21-163a-4ebd-ab3d-5ef9283ffcc6","scenario":"T2","decision":"BLOCK","reasons":["SCHEMA_INVALID"],"timestamp":"2026-01-18T03:48:17.316687+00:00"}
{"request_id":"0b0b1298-8deb-4fbc-9858-0f66e0968956","scenario":"T2","decision":"BLOCK","reasons":["SCHEMA_INVALID"],"timestamp":"2026-01-18T03:48:22.036228+00:00"}
{"request_id":"21aa8cc0-cfb9-421f-9a5b-9ca210cd7a2c","scenario":"T2","decision":"BLOCK","reasons":["SCHEMA_INVALID"],"timestamp":"2026-01-18T03:48:30.762965+00:00"}
{"request_id":"03a4402c-13ae-404c-aa94-2abe0ec4343c","scenario":"T2","decision":"BLOCK","reasons":["SCHEMA_INVALID"],"timestamp":"2026-01-18T03:48:48.845080+00:00"}
{"request_id":"ab4c02b9-e1e3-45a7-92ec-9f3941bab96f","scenario":"T2","decision":"BLOCK","reasons":["SCHEMA_INVALID"],"timestamp":"2026-01-18T03:49:22.598006+00:00"}
{"request_id":"d2748723-9ede-422e-ac00-5a5a49ef1db9","scenario":"T2","decision":"BLOCK","reasons":["SCHEMA_INVALID"],"timestamp":"2026-01-18T03:50:30.004928+00:00"}
{"request_id":"d316da07-dbb7-4147-920c-9dcbb26e24b0","scenario":"T2","decision":"BLOCK","reasons":["SCHEMA_INVALID"],"timestamp":"2026-01-18T03:50:36.155042+00:00"}
{"request_id":"7018172f-8ec7-4892-870f-0c2051749d29","scenario":"T2","decision":"BLOCK","reasons":["SCHEMA_INVALID"],"timestamp":"2026-01-18T03:50:42.201160+00:00"}
{"request_id":"1eb37774-056e-4265-8edc-d263b65e87ef","scenario":"T2","decision":"BLOCK","reasons":["SCHEMA_INVALID"],"timestamp":"2026-01-18T03:51:10.708621+00:00"}
{"request_id":"c4f50949-5c3e-4a5f-acf2-5bf892ae6987","scenario":"T2","decision":"BLOCK","reasons":["SCHEMA_INVALID"],"timestamp":"2026-01-18T03:51:15.126592+00:00"}
{"request_id":"8e8dc279-6b66-4b93-8e90-6d7249f30ab1","scenario":"T2","decision":"BLOCK","reasons":["SCHEMA_INVALID"],"timestamp":"2026-01-18T03:51:23.851264+00:00"}
{"request_id":"ed4a6641-8e8d-46a3-9703-fd910beec04c","scenario":"T2","decision":"ALLOW","reasons":[],"timestamp":"2026-01-18T03:53:39.060403+00:00"}
{"request_id":"8c100845-5921-40c4-8e06-ce35f433606b","scenario":"T2","decision":"BLOCK","reasons":["INVALID_MANIFEST"],"timestamp":"2026-01-18T03:53:57.278062+00:00"}
{"request_id":"010069d2-9e11-4cfe-a873-b567938658ed","scenario":"T2","decision":"BLOCK","reasons":["INVALID_MANIFEST"],"timestamp":"2026-01-18T03:54:05.684089+00:00"}
{"request_id":"6dd19ac6-51d7-4bde-bd15-0ec1882dabe3","scenario":"T1","decision":"ALLOW","reasons":[],"timestamp":"2026-01-18T03:54:44.262301+00:00"}
{"request_id":"413db14a-8873-4c49-92e1-7a1243db0acd","scenario":"T1","decision":"BLOCK","reasons":["CONFIG_HASH_MISMATCH"],"timestamp":"2026-01-18T03:56:06.492292+00:00"}
{"request_id":"4e27107a-526b-48c1-ae48-f1ddf9d850cc","scenario":"T2","decision":"BLOCK","reasons":["SNAPSHOT_HASH_MISMATCH"],"timestamp":"2026-01-18T03:57:05.320540+00:00"}
{"request_id":"b576ed49-4d46-4cc1-a564-02b6fedef813","scenario":"T2","decision":"ALLOW","reasons":[],"timestamp":"2026-01-18T03:57:19.342287+00:00"}
{"request_id":"05eba6c7-d6ca-46ab-b66e-8ac4a487b01f","scenario":"T2","decision":"BLOCK","reasons":["INVALID_MANIFEST"],"timestamp":"2026-01-18T03:57:28.381152+00:00"}
{"request_id":"51567ca0-9d9b-4844-a936-03c19f9bc394","scenario":"T2","decision":"BLOCK","reasons":["INVALID_MANIFEST"],"timestamp":"2026-01-18T03:57:34.197266+00:00"}
{"request_id":"2e19a949-338b-4830-a8ba-b68337070f71","scenario":"T2","decision":"BLOCK","reasons":["INVALID_MANIFEST"],"timestamp":"2026-01-18T03:57:45.878028+00:00"}
{"request_id":"a1e55440-7736-4474-8a63-37a536e96d9f","scenario":"T2","decision":"BLOCK","reasons":["INVALID_MANIFEST"],"timestamp":"2026-01-18T03:57:53.911621+00:00"}
{"request_id":"8b07e063-0092-40c0-a5c4-a740e163daa5","scenario":"T2","decision":"BLOCK","reasons":["INVALID_MANIFEST"],"timestamp":"2026-01-18T03:57:57.552761+00:00"}
{"request_id":"3da2e9ba-3fe0-4b98-b817-b147fd81eb99","scenario":"T2","decision":"BLOCK","reasons":["INVALID_MANIFEST"],"timestamp":"2026-01-18T03:58:07.008258+00:00"}
{"request_id":"83ce4735-87e8-45e5-8717-0bbee89d26d3","scenario":"T2","decision":"BLOCK","reasons":["INVALID_MANIFEST"],"timestamp":"2026-01-18T03:58:24.051923+00:00"}
{"request_id":"6452bba2-4ca2-497d-9b57-ab1d603ee20a","scenario":"T2","decision":"BLOCK","reasons":["INVALID_MANIFEST"],"timestamp":"2026-01-18T03:58:26.206301+00:00"}
{"request_id":"c939d724-10f5-41ca-b1ff-086629acb7a5","scenario":"T2","decision":"BLOCK","reasons":["INVALID_MANIFEST"],"timestamp":"2026-01-18T03:58:30.009356+00:00"}
{"request_id":"2fbcc577-04da-49a6-ba07-1241a6456095","scenario":"T2","decision":"ALLOW","reasons":[],"timestamp":"2026-01-18T03:58:36.373345+00:00"}
{"request_id":"feddf47f-db57-4b8b-8dda-028f742ac621","scenario":"T2","decision":"BLOCK","reasons":["INVALID_MANIFEST"],"timestamp":"2026-01-18T03:58:41.388238+00:00"}
{"request_id":"bd9da0bc-fcb5-43d1-99e9-a219e5ecb5ce","scenario":"T2","decision":"BLOCK","reasons":["SNAPSHOT_HASH_MISMATCH"],"timestamp":"2026-01-18T03:58:55.508864+00:00"}
{"request_id":"d8547b45-c96d-481d-b944-4061bb72327c","scenario":"T2","decision":"ALLOW","reasons":[],"timestamp":"2026-01-18T03:59:08.409197+00:00"}
{"request_id":"7f9b59c6-6eb7-4dd6-b4a9-8621f63de595","scenario":"T2","decision":"BLOCK","reasons":["INVALID_MANIFEST"],"timestamp":"2026-01-18T03:59:15.671216+00:00"}
{"request_id":"c77f0ced-90c2-4069-a278-92aa71996675","scenario":"T2","decision":"BLOCK","reasons":["INVALID_MANIFEST"],"timestamp":"2026-01-18T03:59:24.446915+00:00"}
{"request_id":"471588b6-d287-44e7-94a2-9ee55a8c7f8c","scenario":"T2","decision":"BLOCK","reasons":["INVALID_MANIFEST"],"timestamp":"2026-01-18T03:59:35.829965+00:00"}
{"request_id":"7ef69e6b-646e-4be9-b837-0841412c82f6","scenario":"T2","decision":"BLOCK","reasons":["INVALID_MANIFEST"],"timestamp":"2026-01-18T04:02:55.696922+00:00"}
{"request_id":"63f4e895-9bce-4de3-a0b9-472321fc9495","scenario":"T2","decision":"BLOCK","reasons":["INVALID_MANIFEST"],"timestamp":"2026-01-18T04:03:05.958991+00:00"}
{"request_id":"da5821d4-6f57-4d18-a3df-e651a6baa23a","scenario":"T2","decision":"ALLOW","reasons":[],"timestamp":"2026-01-18T04:03:28.538569+00:00"}
{"request_id":"fc76b3d2-d304-4cbe-b1e5-8c25580318bf","scenario":"T2","decision":"BLOCK","reasons":["INVALID_MANIFEST"],"timestamp":"2026-01-18T04:03:42.732373+00:00"}
{"request_id":"8f0db9ad-b7e3-401c-b60f-ca1a40ad84d9","scenario":"T2","decision":"BLOCK","reasons":["INVALID_MANIFEST"],"timestamp":"2026-01-18T04:03:51.594436+00:00"}
{"request_id":"8ffe562a-4482-4230-a94d-345c5948ec11","scenario":"T2","decision":"BLOCK","reasons":["INVALID_MANIFEST"],"timestamp":"2026-01-18T04:03:57.294418+00:00"}
{"request_id":"60b55cb4-d77a-4491-a6c2-fda2d257f8a1","scenario":"T2","decision":"BLOCK","reasons":["INVALID_MANIFEST"],"timestamp":"2026-01-18T04:05:21.342048+00:00"}
{"request_id":"16d6c40a-e1e5-4cac-b404-0fcb09f8da0c","scenario":"T2","decision":"ALLOW","reasons":[],"timestamp":"2026-01-18T04:05:27.597090+00:00"}
{"request_id":"884602d3-25b8-43a9-909b-1def9c0fd215","scenario":"T2","decision":"BLOCK","reasons":["SNAPSHOT_HASH_MISMATCH"],"timestamp":"2026-01-18T04:05:35.116909+00:00"}
